{
  "0 debug pnpm:scope": {
    "selected": 1
  },
  "1 error pnpm": {
    "code": "ELIFECYCLE",
    "errno": "ENOENT",
    "syscall": "spawn",
    "file": "sh",
    "pkgid": "@example/minimal@0.0.1",
    "stage": "start",
    "script": "astro dev",
    "pkgname": "@example/minimal",
    "err": {
      "name": "pnpm",
      "message": "@example/minimal@0.0.1 start: `astro dev`\nspawn ENOENT",
      "code": "ELIFECYCLE",
      "stack": "pnpm: @example/minimal@0.0.1 start: `astro dev`\nspawn ENOENT\n    at ChildProcess.<anonymous> (/home/patrick/.local/share/pnpm/nodejs/18.0.0/pnpm-global/5/node_modules/.pnpm/pnpm@7.0.0-rc.7/node_modules/pnpm/dist/pnpm.cjs:93301:22)\n    at ChildProcess.emit (node:events:527:28)\n    at maybeClose (node:internal/child_process:1090:16)\n    at ChildProcess._handle.onexit (node:internal/child_process:302:5)"
    }
  },
  "2 warn pnpm:global": " Local package.json exists, but node_modules missing, did you mean to install?"
}